<?xml version="1.0" encoding="UTF-8"?>
<!-- Generated by org.testng.reporters.JUnitXMLReporter -->
<testsuite ignored="0" hostname="LAPTOP-1761MV5O" failures="0" tests="4" name="Default test" time="20.415" errors="0" timestamp="2024-09-12T12:16:29 EDT">
  <testcase classname="tests.FooterLinksTest" name="testClickTermsAndConditions" time="0.574"/>
  <testcase classname="tests.FooterLinksTest" name="testClickPrivacyPolicy" time="0.789"/>
  <testcase classname="tests.FooterLinksTest" name="testClickSiteMap" time="0.848"/>
  <testcase classname="tests.FooterLinksTest" name="testClickAccessibility" time="0.801"/>
</testsuite> <!-- Default test -->
