<?xml version="1.0" encoding="UTF-8"?>
<!-- Generated by org.testng.reporters.JUnitXMLReporter -->
<testsuite ignored="0" hostname="LAPTOP-1761MV5O" failures="0" tests="5" name="Default test" time="189.887" errors="0" timestamp="2024-09-11T12:36:14 EDT">
  <testcase classname="tests.ClaimsSectionTest" name="testClickReportAClaim" time="1.899"/>
  <testcase classname="tests.ClaimsSectionTest" name="testClickSinkholeClaims" time="9.372"/>
  <testcase classname="tests.ClaimsSectionTest" name="testClickLossInspection" time="20.658"/>
  <testcase classname="tests.ClaimsSectionTest" name="testClickInsuranceFraud" time="1.479"/>
  <testcase classname="tests.ClaimsSectionTest" name="testClickContactCitizensFirst" time="1.395"/>
</testsuite> <!-- Default test -->
