<?xml version="1.0" encoding="UTF-8"?>
<!-- Generated by org.testng.reporters.JUnitXMLReporter -->
<testsuite ignored="0" hostname="LAPTOP-1761MV5O" failures="0" tests="13" name="CitizensFLAProject Tests" time="262.071" errors="0" timestamp="2024-09-11T12:40:46 EDT">
  <testcase classname="tests.LoginTest" name="testInvalidLogin" time="1.031"/>
  <testcase classname="tests.LoginTest" name="testEmptyUsername" time="0.91"/>
  <testcase classname="tests.LoginTest" name="testEmptyPassword" time="1.938"/>
  <testcase classname="tests.LoginTest" name="testEmptyUsernameAndPassword" time="0.769"/>
  <testcase classname="tests.ClaimsSectionTest" name="testClickReportAClaim" time="1.674"/>
  <testcase classname="tests.ClaimsSectionTest" name="testClickSinkholeClaims" time="1.686"/>
  <testcase classname="tests.ClaimsSectionTest" name="testClickLossInspection" time="20.635"/>
  <testcase classname="tests.ClaimsSectionTest" name="testClickInsuranceFraud" time="1.965"/>
  <testcase classname="tests.ClaimsSectionTest" name="testClickContactCitizensFirst" time="3.2"/>
  <testcase classname="tests.FooterLinksTest" name="testClickTermsAndConditions" time="2.667"/>
  <testcase classname="tests.FooterLinksTest" name="testClickPrivacyPolicy" time="20.392"/>
  <testcase classname="tests.FooterLinksTest" name="testClickSiteMap" time="20.293"/>
  <testcase classname="tests.FooterLinksTest" name="testClickAccessibility" time="20.299"/>
</testsuite> <!-- CitizensFLAProject Tests -->
