<?xml version="1.0" encoding="UTF-8"?>
<!-- Generated by org.testng.reporters.JUnitXMLReporter -->
<testsuite ignored="0" hostname="LAPTOP-1761MV5O" failures="0" tests="8" name="CitizensFLAProject Tests" time="57.524" errors="0" timestamp="2024-09-12T14:18:19 EDT">
  <testcase classname="tests.LoginTest" name="testInvalidLogin" time="1.151"/>
  <testcase classname="tests.LoginTest" name="testEmptyUsername" time="1.002"/>
  <testcase classname="tests.LoginTest" name="testEmptyPassword" time="0.997"/>
  <testcase classname="tests.LoginTest" name="testEmptyUsernameAndPassword" time="0.773"/>
  <testcase classname="tests.FooterLinksTest" name="testClickTermsAndConditions" time="0.764"/>
  <testcase classname="tests.FooterLinksTest" name="testClickPrivacyPolicy" time="0.606"/>
  <testcase classname="tests.FooterLinksTest" name="testClickSiteMap" time="0.497"/>
  <testcase classname="tests.FooterLinksTest" name="testClickAccessibility" time="0.564"/>
</testsuite> <!-- CitizensFLAProject Tests -->
