<?xml version="1.0" encoding="UTF-8"?>
<testng-results ignored="0" total="8" passed="8" failed="0" skipped="0">
  <reporter-output>
  </reporter-output>
  <suite started-at="2024-09-12T14:17:22 EDT" name="Suite" finished-at="2024-09-12T14:18:19 EDT" duration-ms="57524">
    <groups>
    </groups>
    <test started-at="2024-09-12T14:17:22 EDT" name="CitizensFLAProject Tests" finished-at="2024-09-12T14:18:19 EDT" duration-ms="57524">
      <class name="tests.LoginTest">
        <test-method is-config="true" signature="setup()[pri:0, instance:tests.LoginTest@22ef9844]" started-at="2024-09-12T14:17:22 EDT" name="setup" finished-at="2024-09-12T14:17:28 EDT" duration-ms="6387" status="PASS">
          <reporter-output>
          </reporter-output>
        </test-method> <!-- setup -->
        <test-method signature="testInvalidLogin()[pri:1, instance:tests.LoginTest@22ef9844]" started-at="2024-09-12T14:17:28 EDT" name="testInvalidLogin" finished-at="2024-09-12T14:17:29 EDT" duration-ms="1151" status="PASS">
          <reporter-output>
          </reporter-output>
        </test-method> <!-- testInvalidLogin -->
        <test-method is-config="true" signature="teardown()[pri:0, instance:tests.LoginTest@22ef9844]" started-at="2024-09-12T14:17:29 EDT" name="teardown" finished-at="2024-09-12T14:17:30 EDT" duration-ms="272" status="PASS">
          <reporter-output>
          </reporter-output>
        </test-method> <!-- teardown -->
        <test-method is-config="true" signature="setup()[pri:0, instance:tests.LoginTest@22ef9844]" started-at="2024-09-12T14:17:30 EDT" name="setup" finished-at="2024-09-12T14:17:37 EDT" duration-ms="7692" status="PASS">
          <reporter-output>
          </reporter-output>
        </test-method> <!-- setup -->
        <test-method signature="testEmptyUsername()[pri:2, instance:tests.LoginTest@22ef9844]" started-at="2024-09-12T14:17:37 EDT" name="testEmptyUsername" finished-at="2024-09-12T14:17:38 EDT" duration-ms="1002" status="PASS">
          <reporter-output>
          </reporter-output>
        </test-method> <!-- testEmptyUsername -->
        <test-method is-config="true" signature="teardown()[pri:0, instance:tests.LoginTest@22ef9844]" started-at="2024-09-12T14:17:38 EDT" name="teardown" finished-at="2024-09-12T14:17:39 EDT" duration-ms="228" status="PASS">
          <reporter-output>
          </reporter-output>
        </test-method> <!-- teardown -->
        <test-method is-config="true" signature="setup()[pri:0, instance:tests.LoginTest@22ef9844]" started-at="2024-09-12T14:17:39 EDT" name="setup" finished-at="2024-09-12T14:17:45 EDT" duration-ms="6334" status="PASS">
          <reporter-output>
          </reporter-output>
        </test-method> <!-- setup -->
        <test-method signature="testEmptyPassword()[pri:3, instance:tests.LoginTest@22ef9844]" started-at="2024-09-12T14:17:45 EDT" name="testEmptyPassword" finished-at="2024-09-12T14:17:46 EDT" duration-ms="997" status="PASS">
          <reporter-output>
          </reporter-output>
        </test-method> <!-- testEmptyPassword -->
        <test-method is-config="true" signature="teardown()[pri:0, instance:tests.LoginTest@22ef9844]" started-at="2024-09-12T14:17:46 EDT" name="teardown" finished-at="2024-09-12T14:17:46 EDT" duration-ms="286" status="PASS">
          <reporter-output>
          </reporter-output>
        </test-method> <!-- teardown -->
        <test-method is-config="true" signature="setup()[pri:0, instance:tests.LoginTest@22ef9844]" started-at="2024-09-12T14:17:46 EDT" name="setup" finished-at="2024-09-12T14:17:54 EDT" duration-ms="8014" status="PASS">
          <reporter-output>
          </reporter-output>
        </test-method> <!-- setup -->
        <test-method signature="testEmptyUsernameAndPassword()[pri:4, instance:tests.LoginTest@22ef9844]" started-at="2024-09-12T14:17:54 EDT" name="testEmptyUsernameAndPassword" finished-at="2024-09-12T14:17:55 EDT" duration-ms="773" status="PASS">
          <reporter-output>
          </reporter-output>
        </test-method> <!-- testEmptyUsernameAndPassword -->
        <test-method is-config="true" signature="teardown()[pri:0, instance:tests.LoginTest@22ef9844]" started-at="2024-09-12T14:17:55 EDT" name="teardown" finished-at="2024-09-12T14:17:55 EDT" duration-ms="246" status="PASS">
          <reporter-output>
          </reporter-output>
        </test-method> <!-- teardown -->
      </class> <!-- tests.LoginTest -->
      <class name="tests.FooterLinksTest">
        <test-method is-config="true" signature="setup()[pri:0, instance:tests.FooterLinksTest@21282ed8]" started-at="2024-09-12T14:17:55 EDT" name="setup" finished-at="2024-09-12T14:18:01 EDT" duration-ms="5336" status="PASS">
          <reporter-output>
          </reporter-output>
        </test-method> <!-- setup -->
        <test-method signature="testClickTermsAndConditions()[pri:1, instance:tests.FooterLinksTest@21282ed8]" started-at="2024-09-12T14:18:01 EDT" name="testClickTermsAndConditions" finished-at="2024-09-12T14:18:01 EDT" duration-ms="764" status="PASS">
          <reporter-output>
          </reporter-output>
        </test-method> <!-- testClickTermsAndConditions -->
        <test-method is-config="true" signature="teardown()[pri:0, instance:tests.FooterLinksTest@21282ed8]" started-at="2024-09-12T14:18:01 EDT" name="teardown" finished-at="2024-09-12T14:18:02 EDT" duration-ms="249" status="PASS">
          <reporter-output>
          </reporter-output>
        </test-method> <!-- teardown -->
        <test-method is-config="true" signature="setup()[pri:0, instance:tests.FooterLinksTest@21282ed8]" started-at="2024-09-12T14:18:02 EDT" name="setup" finished-at="2024-09-12T14:18:06 EDT" duration-ms="4610" status="PASS">
          <reporter-output>
          </reporter-output>
        </test-method> <!-- setup -->
        <test-method signature="testClickPrivacyPolicy()[pri:2, instance:tests.FooterLinksTest@21282ed8]" started-at="2024-09-12T14:18:06 EDT" name="testClickPrivacyPolicy" finished-at="2024-09-12T14:18:07 EDT" duration-ms="606" status="PASS">
          <reporter-output>
          </reporter-output>
        </test-method> <!-- testClickPrivacyPolicy -->
        <test-method is-config="true" signature="teardown()[pri:0, instance:tests.FooterLinksTest@21282ed8]" started-at="2024-09-12T14:18:07 EDT" name="teardown" finished-at="2024-09-12T14:18:07 EDT" duration-ms="250" status="PASS">
          <reporter-output>
          </reporter-output>
        </test-method> <!-- teardown -->
        <test-method is-config="true" signature="setup()[pri:0, instance:tests.FooterLinksTest@21282ed8]" started-at="2024-09-12T14:18:07 EDT" name="setup" finished-at="2024-09-12T14:18:11 EDT" duration-ms="4156" status="PASS">
          <reporter-output>
          </reporter-output>
        </test-method> <!-- setup -->
        <test-method signature="testClickSiteMap()[pri:3, instance:tests.FooterLinksTest@21282ed8]" started-at="2024-09-12T14:18:11 EDT" name="testClickSiteMap" finished-at="2024-09-12T14:18:12 EDT" duration-ms="497" status="PASS">
          <reporter-output>
          </reporter-output>
        </test-method> <!-- testClickSiteMap -->
        <test-method is-config="true" signature="teardown()[pri:0, instance:tests.FooterLinksTest@21282ed8]" started-at="2024-09-12T14:18:12 EDT" name="teardown" finished-at="2024-09-12T14:18:12 EDT" duration-ms="230" status="PASS">
          <reporter-output>
          </reporter-output>
        </test-method> <!-- teardown -->
        <test-method is-config="true" signature="setup()[pri:0, instance:tests.FooterLinksTest@21282ed8]" started-at="2024-09-12T14:18:12 EDT" name="setup" finished-at="2024-09-12T14:18:19 EDT" duration-ms="6624" status="PASS">
          <reporter-output>
          </reporter-output>
        </test-method> <!-- setup -->
        <test-method signature="testClickAccessibility()[pri:4, instance:tests.FooterLinksTest@21282ed8]" started-at="2024-09-12T14:18:19 EDT" name="testClickAccessibility" finished-at="2024-09-12T14:18:19 EDT" duration-ms="564" status="PASS">
          <reporter-output>
          </reporter-output>
        </test-method> <!-- testClickAccessibility -->
        <test-method is-config="true" signature="teardown()[pri:0, instance:tests.FooterLinksTest@21282ed8]" started-at="2024-09-12T14:18:19 EDT" name="teardown" finished-at="2024-09-12T14:18:19 EDT" duration-ms="220" status="PASS">
          <reporter-output>
          </reporter-output>
        </test-method> <!-- teardown -->
      </class> <!-- tests.FooterLinksTest -->
    </test> <!-- CitizensFLAProject Tests -->
  </suite> <!-- Suite -->
</testng-results>
